The system is: Windows - 10.0.19043 - AMD64
Compiling the C compiler identification source file "CMakeCCompilerId.c" succeeded.
Compiler: C:/Program Files (x86)/Microsoft Visual Studio/2019/Community/VC/Tools/MSVC/14.29.30133/bin/Hostx86/x86/cl.exe 
Build flags: 
Id flags:  

The output was:
0
Оптимизирующий компилятор Microsoft (R) C/C++ версии 19.29.30133 для x86
(C) Корпорация Майкрософт (Microsoft Corporation).  Все права защищены.

CMakeCCompilerId.c
Microsoft (R) Incremental Linker Version 14.29.30133.0
Copyright (C) Microsoft Corporation.  All rights reserved.

/out:CMakeCCompilerId.exe 
CMakeCCompilerId.obj 


Compilation of the C compiler identification source "CMakeCCompilerId.c" produced "CMakeCCompilerId.exe"

Compilation of the C compiler identification source "CMakeCCompilerId.c" produced "CMakeCCompilerId.obj"

The C compiler identification is MSVC, found in "D:/CLionProjects/Laba1_2022/cmake-build-debug/CMakeFiles/3.23.2/CompilerIdC/CMakeCCompilerId.exe"

Detecting C compiler ABI info compiled with the following output:
Change Dir: D:/CLionProjects/Laba1_2022/cmake-build-debug/CMakeFiles/CMakeTmp

Run Build Command(s):D:/CLion 2022.2.4/bin/ninja/win/ninja.exe cmTC_35632 && [1/2] Building C object CMakeFiles\cmTC_35632.dir\CMakeCCompilerABI.c.obj
Примечание: включение файла:  D:\CLion 2022.2.4\bin\cmake\win\share\cmake-3.23\Modules\CMakeCompilerABI.h
[2/2] Linking C executable cmTC_35632.exe



